2026-01-17 17:41:55 +0000 - dagster - DEBUG - __ASSET_JOB - af1961d8-4791-4246-859a-205e3bcb909a - 1340 - LOGS_CAPTURED - Started capturing logs in process (pid: 1340).
2026-01-17 17:41:55 +0000 - dagster - DEBUG - __ASSET_JOB - af1961d8-4791-4246-859a-205e3bcb909a - 1340 - nba_teams - STEP_START - Started execution of step "nba_teams".
INFO:ingestion.dlt.pipelines.nba_stats:Starting NBA teams extraction from CDN...
INFO:ingestion.dlt.pipelines.nba_stats:Fetching schedule from: https://cdn.nba.com/static/json/staticData/scheduleLeagueV2.json
INFO:ingestion.dlt.pipelines.nba_stats:Schedule response status: 200
INFO:ingestion.dlt.pipelines.nba_stats:Schedule data keys: ['meta', 'leagueSchedule']
INFO:ingestion.dlt.pipelines.nba_stats:Processing 182 game dates...
INFO:ingestion.dlt.pipelines.nba_stats:Found 34 unique teams
INFO:ingestion.dlt.pipelines.nba_stats:  Yielding team: New York Knicks
INFO:ingestion.dlt.pipelines.nba_stats:  Yielding team: Philadelphia 76ers
INFO:ingestion.dlt.pipelines.nba_stats:  Yielding team: Los Angeles Lakers
INFO:ingestion.dlt.pipelines.nba_stats:  Yielding team: Phoenix Suns
INFO:ingestion.dlt.pipelines.nba_stats:  Yielding team: New Orleans Pelicans
INFO:ingestion.dlt.pipelines.nba_stats:  Yielding team: Melbourne United
INFO:ingestion.dlt.pipelines.nba_stats:  Yielding team: South East Melbourne Phoenix
INFO:ingestion.dlt.pipelines.nba_stats:  Yielding team: Brooklyn Nets
INFO:ingestion.dlt.pipelines.nba_stats:  Yielding team: Hapoel Jerusalem B.C.
INFO:ingestion.dlt.pipelines.nba_stats:  Yielding team: Miami Heat
INFO:ingestion.dlt.pipelines.nba_stats:  Yielding team: Orlando Magic
INFO:ingestion.dlt.pipelines.nba_stats:  Yielding team: Denver Nuggets
INFO:ingestion.dlt.pipelines.nba_stats:  Yielding team: Minnesota Timberwolves
INFO:ingestion.dlt.pipelines.nba_stats:  Yielding team: Charlotte Hornets
INFO:ingestion.dlt.pipelines.nba_stats:  Yielding team: Oklahoma City Thunder
INFO:ingestion.dlt.pipelines.nba_stats:  Yielding team: Golden State Warriors
INFO:ingestion.dlt.pipelines.nba_stats:  Yielding team: Milwaukee Bucks
INFO:ingestion.dlt.pipelines.nba_stats:  Yielding team: Houston Rockets
INFO:ingestion.dlt.pipelines.nba_stats:  Yielding team: Atlanta Hawks
INFO:ingestion.dlt.pipelines.nba_stats:  Yielding team: Memphis Grizzlies
INFO:ingestion.dlt.pipelines.nba_stats:  Yielding team: Detroit Pistons
INFO:ingestion.dlt.pipelines.nba_stats:  Yielding team: San Antonio Spurs
INFO:ingestion.dlt.pipelines.nba_stats:  Yielding team: Guangzhou Loong-Lions
INFO:ingestion.dlt.pipelines.nba_stats:  Yielding team: Dallas Mavericks
INFO:ingestion.dlt.pipelines.nba_stats:  Yielding team: Toronto Raptors
INFO:ingestion.dlt.pipelines.nba_stats:  Yielding team: Cleveland Cavaliers
INFO:ingestion.dlt.pipelines.nba_stats:  Yielding team: Chicago Bulls
INFO:ingestion.dlt.pipelines.nba_stats:  Yielding team: Indiana Pacers
INFO:ingestion.dlt.pipelines.nba_stats:  Yielding team: Portland Trail Blazers
INFO:ingestion.dlt.pipelines.nba_stats:  Yielding team: Sacramento Kings
INFO:ingestion.dlt.pipelines.nba_stats:  Yielding team: Utah Jazz
INFO:ingestion.dlt.pipelines.nba_stats:  Yielding team: Boston Celtics
INFO:ingestion.dlt.pipelines.nba_stats:  Yielding team: LA Clippers
INFO:ingestion.dlt.pipelines.nba_stats:  Yielding team: Washington Wizards
INFO:ingestion.dlt.pipelines.nba_stats:Teams extraction complete!
2026-01-17 17:41:56 +0000 - dagster - INFO - __ASSET_JOB - af1961d8-4791-4246-859a-205e3bcb909a - nba_teams - NBA teams ingested: Pipeline nba_stats load step completed in 0.14 seconds
1 load package(s) were loaded to destination postgres and into dataset nba
The postgres destination used postgresql://postgres:***@postgres:5432/oss_data_platform location to store data
Load package 1768671716.1196609 is LOADED and contains no failed jobs
2026-01-17 17:41:56 +0000 - dagster - DEBUG - __ASSET_JOB - af1961d8-4791-4246-859a-205e3bcb909a - 1340 - nba_teams - STEP_OUTPUT - Yielded output "result" of type "dict". (Type check passed).
2026-01-17 17:41:56 +0000 - dagster - DEBUG - __ASSET_JOB - af1961d8-4791-4246-859a-205e3bcb909a - nba_teams - Writing file at: /opt/dagster/dagster_home/storage/nba_teams using PickledObjectFilesystemIOManager...
2026-01-17 17:41:56 +0000 - dagster - DEBUG - __ASSET_JOB - af1961d8-4791-4246-859a-205e3bcb909a - 1340 - nba_teams - ASSET_MATERIALIZATION - Materialized value nba_teams.
2026-01-17 17:41:56 +0000 - dagster - DEBUG - __ASSET_JOB - af1961d8-4791-4246-859a-205e3bcb909a - 1340 - nba_teams - HANDLED_OUTPUT - Handled output "result" using IO manager "io_manager"
2026-01-17 17:41:56 +0000 - dagster - DEBUG - __ASSET_JOB - af1961d8-4791-4246-859a-205e3bcb909a - 1340 - nba_teams - STEP_SUCCESS - Finished execution of step "nba_teams" in 673ms.
