2026-01-17 18:42:16 +0000 - dagster - DEBUG - __ASSET_JOB - 7289c598-6f80-4050-b506-5412bc51fd20 - 22107 - LOGS_CAPTURED - Started capturing logs in process (pid: 22107).
2026-01-17 18:42:16 +0000 - dagster - DEBUG - __ASSET_JOB - 7289c598-6f80-4050-b506-5412bc51fd20 - 22107 - nba_betting_odds - STEP_START - Started execution of step "nba_betting_odds".
2026-01-17 18:42:17 +0000 - dagster - INFO - __ASSET_JOB - 7289c598-6f80-4050-b506-5412bc51fd20 - nba_betting_odds - Starting betting odds extraction from CDN...
INFO:ingestion.dlt.pipelines.nba_stats:Starting betting odds extraction from CDN...
INFO:ingestion.dlt.pipelines.nba_stats:Fetching odds from: https://cdn.nba.com/static/json/liveData/odds/odds_todaysGames.json
INFO:ingestion.dlt.pipelines.nba_stats:Odds response status: 200
INFO:ingestion.dlt.pipelines.nba_stats:Found odds for 33 games
INFO:ingestion.dlt.pipelines.nba_stats:Betting odds extraction complete! Yielded 346 odds records
2026-01-17 18:42:17,471|[WARNING]|22107|126742900075392|dlt|validate.py|verify_normalized_table:91|In schema `nba_stats`: The following columns in table 'betting_odds' did not receive any data during this load and therefore could not have their types inferred:
  - home_line
  - away_line
  - over_odds
  - under_odds
  - total_line

Unless type hints are provided, these columns will not be materialized in the destination.
One way to provide type hints is to use the 'columns' argument in the '@dlt.resource' decorator.  For example:

@dlt.resource(columns={'home_line': {'data_type': 'text'}})

2026-01-17 18:42:17 +0000 - dagster - INFO - __ASSET_JOB - 7289c598-6f80-4050-b506-5412bc51fd20 - nba_betting_odds - Betting odds ingested: Pipeline nba_stats load step completed in 0.09 seconds
1 load package(s) were loaded to destination postgres and into dataset nba
The postgres destination used postgresql://postgres:***@postgres:5432/oss_data_platform location to store data
Load package 1768675337.2440279 is LOADED and contains no failed jobs
2026-01-17 18:42:17 +0000 - dagster - DEBUG - __ASSET_JOB - 7289c598-6f80-4050-b506-5412bc51fd20 - 22107 - nba_betting_odds - STEP_OUTPUT - Yielded output "result" of type "dict". (Type check passed).
2026-01-17 18:42:17 +0000 - dagster - DEBUG - __ASSET_JOB - 7289c598-6f80-4050-b506-5412bc51fd20 - nba_betting_odds - Writing file at: /opt/dagster/dagster_home/storage/nba_betting_odds using PickledObjectFilesystemIOManager...
2026-01-17 18:42:17 +0000 - dagster - DEBUG - __ASSET_JOB - 7289c598-6f80-4050-b506-5412bc51fd20 - 22107 - nba_betting_odds - ASSET_MATERIALIZATION - Materialized value nba_betting_odds.
2026-01-17 18:42:17 +0000 - dagster - DEBUG - __ASSET_JOB - 7289c598-6f80-4050-b506-5412bc51fd20 - 22107 - nba_betting_odds - HANDLED_OUTPUT - Handled output "result" using IO manager "io_manager"
2026-01-17 18:42:17 +0000 - dagster - DEBUG - __ASSET_JOB - 7289c598-6f80-4050-b506-5412bc51fd20 - 22107 - nba_betting_odds - STEP_SUCCESS - Finished execution of step "nba_betting_odds" in 847ms.
